Determining if the pthread_create exist failed with the following output:
Change Dir: /home/david/Documents/gtest_folder/gtest-1.7.0/build/CMakeFiles/CMakeTmp

Run Build Command:/usr/bin/make "cmTryCompileExec2852209660/fast"
/usr/bin/make -f CMakeFiles/cmTryCompileExec2852209660.dir/build.make CMakeFiles/cmTryCompileExec2852209660.dir/build
make[1]: Entering directory `/home/david/Documents/gtest_folder/gtest-1.7.0/build/CMakeFiles/CMakeTmp'
/usr/bin/cmake -E cmake_progress_report /home/david/Documents/gtest_folder/gtest-1.7.0/build/CMakeFiles/CMakeTmp/CMakeFiles 1
Building C object CMakeFiles/cmTryCompileExec2852209660.dir/CheckSymbolExists.c.o
/usr/bin/cc    -o CMakeFiles/cmTryCompileExec2852209660.dir/CheckSymbolExists.c.o   -c /home/david/Documents/gtest_folder/gtest-1.7.0/build/CMakeFiles/CMakeTmp/CheckSymbolExists.c
Linking C executable cmTryCompileExec2852209660
/usr/bin/cmake -E cmake_link_script CMakeFiles/cmTryCompileExec2852209660.dir/link.txt --verbose=1
/usr/bin/cc       CMakeFiles/cmTryCompileExec2852209660.dir/CheckSymbolExists.c.o  -o cmTryCompileExec2852209660 -rdynamic 
CMakeFiles/cmTryCompileExec2852209660.dir/CheckSymbolExists.c.o: In function `main':
CheckSymbolExists.c:(.text+0x16): undefined reference to `pthread_create'
collect2: error: ld returned 1 exit status
make[1]: Leaving directory `/home/david/Documents/gtest_folder/gtest-1.7.0/build/CMakeFiles/CMakeTmp'
make[1]: *** [cmTryCompileExec2852209660] Error 1
make: *** [cmTryCompileExec2852209660/fast] Error 2

File /home/david/Documents/gtest_folder/gtest-1.7.0/build/CMakeFiles/CMakeTmp/CheckSymbolExists.c:
/* */
#include <pthread.h>

int main(int argc, char** argv)
{
  (void)argv;
#ifndef pthread_create
  return ((int*)(&pthread_create))[argc];
#else
  (void)argc;
  return 0;
#endif
}

Determining if the function pthread_create exists in the pthreads failed with the following output:
Change Dir: /home/david/Documents/gtest_folder/gtest-1.7.0/build/CMakeFiles/CMakeTmp

Run Build Command:/usr/bin/make "cmTryCompileExec474554195/fast"
/usr/bin/make -f CMakeFiles/cmTryCompileExec474554195.dir/build.make CMakeFiles/cmTryCompileExec474554195.dir/build
make[1]: Entering directory `/home/david/Documents/gtest_folder/gtest-1.7.0/build/CMakeFiles/CMakeTmp'
/usr/bin/cmake -E cmake_progress_report /home/david/Documents/gtest_folder/gtest-1.7.0/build/CMakeFiles/CMakeTmp/CMakeFiles 1
Building C object CMakeFiles/cmTryCompileExec474554195.dir/CheckFunctionExists.c.o
/usr/bin/cc   -DCHECK_FUNCTION_EXISTS=pthread_create   -o CMakeFiles/cmTryCompileExec474554195.dir/CheckFunctionExists.c.o   -c /usr/share/cmake-2.8/Modules/CheckFunctionExists.c
Linking C executable cmTryCompileExec474554195
/usr/bin/cmake -E cmake_link_script CMakeFiles/cmTryCompileExec474554195.dir/link.txt --verbose=1
/usr/bin/cc   -DCHECK_FUNCTION_EXISTS=pthread_create    CMakeFiles/cmTryCompileExec474554195.dir/CheckFunctionExists.c.o  -o cmTryCompileExec474554195 -rdynamic -lpthreads 
/usr/bin/ld: cannot find -lpthreads
make[1]: Leaving directory `/home/david/Documents/gtest_folder/gtest-1.7.0/build/CMakeFiles/CMakeTmp'
collect2: error: ld returned 1 exit status
make[1]: *** [cmTryCompileExec474554195] Error 1
make: *** [cmTryCompileExec474554195/fast] Error 2


